[2025-08-08 01:55:03,651 ] 1025 httpx - HTTP Request: GET https://dagshub.com/api/v1/user "HTTP/1.1 200 OK"
[2025-08-08 01:55:03,663 ] 107 dagshub - Accessing as Suruchi264
[2025-08-08 01:55:04,166 ] 1025 httpx - HTTP Request: GET https://dagshub.com/api/v1/repos/Suruchi264/Network_Security_Data_Science_Project "HTTP/1.1 200 OK"
[2025-08-08 01:55:04,665 ] 1025 httpx - HTTP Request: GET https://dagshub.com/api/v1/user "HTTP/1.1 200 OK"
[2025-08-08 01:55:04,667 ] 107 dagshub - Initialized MLflow to track repo "Suruchi264/Network_Security_Data_Science_Project"
[2025-08-08 01:55:04,668 ] 107 dagshub - Repository Suruchi264/Network_Security_Data_Science_Project initialized!
[2025-08-08 01:56:41,460 ] 43 root - Start data Ingestion
[2025-08-08 01:58:24,054 ] 43 root - Start data Ingestion
[2025-08-08 01:58:27,117 ] 65 root - Performed train test split on the dataframe
[2025-08-08 01:58:27,117 ] 67 root - Exited split_data_as_train_test method of Data_Ingestion class
[2025-08-08 01:58:27,117 ] 75 root - Exporting train and test file path.
[2025-08-08 01:58:27,159 ] 84 root - Exported train and test file path.
[2025-08-08 01:58:27,159 ] 46 root - Data Ingestion completed and artifact: DataIngestionArtifact(trained_file_path='Artifacts\\08_08_2025_01_54_59\\data_ingestion\\ingested\\train.csv', test_file_path='Artifacts\\08_08_2025_01_54_59\\data_ingestion\\ingested\\test.csv')
[2025-08-08 01:58:27,167 ] 56 root - Initiate the data Validation
[2025-08-08 01:58:27,233 ] 32 root - Required number of columns:2
[2025-08-08 01:58:27,233 ] 33 root - Data frame has columns:31
[2025-08-08 01:58:27,234 ] 32 root - Required number of columns:2
[2025-08-08 01:58:27,234 ] 33 root - Data frame has columns:31
[2025-08-08 01:58:27,364 ] 63 root - Entered initiate_data_transformation method of DataTransformation class
[2025-08-08 01:58:27,364 ] 65 root - Starting data transformation
[2025-08-08 01:58:27,386 ] 48 root - Entered get_data_trnasformer_object method of Trnasformation class
[2025-08-08 01:58:27,386 ] 53 root - Initialise KNNImputer with {'missing_values': nan, 'n_neighbors': 3, 'weights': 'uniform'}
[2025-08-08 01:58:27,401 ] 46 root - Entered the save_object method of MainUtils class
[2025-08-08 01:58:27,403 ] 50 root - Exited the save_object method of MainUtils class
[2025-08-08 01:58:27,403 ] 46 root - Entered the save_object method of MainUtils class
[2025-08-08 01:58:27,404 ] 50 root - Exited the save_object method of MainUtils class
