[2025-08-07 23:42:43,017 ] 1025 httpx - HTTP Request: POST https://dagshub.com/login/oauth/middleman "HTTP/1.1 200 OK"
[2025-08-07 23:42:43,585 ] 1025 httpx - HTTP Request: POST https://dagshub.com/login/oauth/access_token "HTTP/1.1 200 OK"
[2025-08-07 23:42:44,118 ] 1025 httpx - HTTP Request: GET https://dagshub.com/api/v1/user "HTTP/1.1 200 OK"
[2025-08-07 23:42:44,122 ] 107 dagshub - Accessing as Suruchi264
[2025-08-07 23:42:44,700 ] 1025 httpx - HTTP Request: GET https://dagshub.com/api/v1/repos/Suruchi264/Network_Security_Data_Science_Project "HTTP/1.1 200 OK"
[2025-08-07 23:42:45,235 ] 1025 httpx - HTTP Request: GET https://dagshub.com/api/v1/user "HTTP/1.1 200 OK"
[2025-08-07 23:42:45,237 ] 107 dagshub - Initialized MLflow to track repo "Suruchi264/Network_Security_Data_Science_Project"
[2025-08-07 23:42:45,239 ] 107 dagshub - Repository Suruchi264/Network_Security_Data_Science_Project initialized!
[2025-08-07 23:42:45,239 ] 20 root - Initiate the data ingestion
[2025-08-07 23:42:49,171 ] 65 root - Performed train test split on the dataframe
[2025-08-07 23:42:49,171 ] 67 root - Exited split_data_as_train_test method of Data_Ingestion class
[2025-08-07 23:42:49,171 ] 75 root - Exporting train and test file path.
[2025-08-07 23:42:49,229 ] 84 root - Exported train and test file path.
[2025-08-07 23:42:49,230 ] 22 root - Data Initiation Completed
[2025-08-07 23:42:49,259 ] 26 root - Initiate the data Validation
[2025-08-07 23:42:49,325 ] 32 root - Required number of columns:2
[2025-08-07 23:42:49,325 ] 33 root - Data frame has columns:31
[2025-08-07 23:42:49,325 ] 32 root - Required number of columns:2
[2025-08-07 23:42:49,325 ] 33 root - Data frame has columns:31
[2025-08-07 23:42:49,467 ] 28 root - Data Validation Completed
[2025-08-07 23:42:49,467 ] 32 root - data Transformation started
[2025-08-07 23:42:49,467 ] 63 root - Entered initiate_data_transformation method of DataTransformation class
[2025-08-07 23:42:49,467 ] 65 root - Starting data transformation
[2025-08-07 23:42:49,491 ] 48 root - Entered get_data_trnasformer_object method of Trnasformation class
[2025-08-07 23:42:49,492 ] 53 root - Initialise KNNImputer with {'missing_values': nan, 'n_neighbors': 3, 'weights': 'uniform'}
[2025-08-07 23:42:49,503 ] 46 root - Entered the save_object method of MainUtils class
[2025-08-07 23:42:49,505 ] 50 root - Exited the save_object method of MainUtils class
[2025-08-07 23:42:49,506 ] 46 root - Entered the save_object method of MainUtils class
[2025-08-07 23:42:49,509 ] 50 root - Exited the save_object method of MainUtils class
[2025-08-07 23:42:49,510 ] 36 root - data Transformation completed
[2025-08-07 23:42:49,510 ] 45 root - Model Training sstared
